algorithm:
  name: jtt
  params:
    lambda_up: 20
    num_epochs_for_final_model: 300
model:
  name: linear_classifier
  params:
    num_classes: 2
    batch_size: 64
    num_epochs: 60
dataset:
  name: resnet50_representation
  paths:
    train_path: C:/Users/User/Desktop/MyProjects/waterbirds_training/resnet50/train.npz
    test_path: C:/Users/User/Desktop/MyProjects/waterbirds_training/resnet50/test.npz
    val_path: C:/Users/User/Desktop/MyProjects/waterbirds_training/resnet50/val.npz
optimizer:
  name: sgd
  params:
    lr: 0.0001
    weight_decay: 1.0e-05
    momentum: 0.9
loss_function:
  _target_: torch.nn.CrossEntropyLoss

Evaluate standard model performance

Checking accuracy on Training Set
Got 4647 / 4795 with accuracy 96.91
Checking accuracy on Test Set
Got 4812 / 5794 with accuracy 83.05
Accuracy on waterbird_water
Got 604 / 642 with accuracy 94.08
Accuracy on waterbird_land
Got 311 / 642 with accuracy 48.44
Accuracy on landbird_land
Got 2247 / 2255 with accuracy 99.65
Accuracy on landbird_water
Got 1650 / 2255 with accuracy 73.17

Evaluate JTT performance

Checking accuracy on Training Set
Got 4658 / 4795 with accuracy 97.14
Checking accuracy on Test Set
Got 4830 / 5794 with accuracy 83.36
Accuracy on waterbird_water
Got 124 / 133 with accuracy 93.23
Accuracy on waterbird_land
Got 81 / 133 with accuracy 60.90
Accuracy on landbird_land
Got 452 / 467 with accuracy 96.79
Accuracy on landbird_water
Got 330 / 466 with accuracy 70.82

Evaluate JTT performance

Checking accuracy on Training Set
Got 4658 / 4795 with accuracy 97.14
Checking accuracy on Test Set
Got 4830 / 5794 with accuracy 83.36
Accuracy on waterbird_water
Got 602 / 642 with accuracy 93.77
Accuracy on waterbird_land
Got 418 / 642 with accuracy 65.11
Accuracy on landbird_land
Got 2204 / 2255 with accuracy 97.74
Accuracy on landbird_water
Got 1606 / 2255 with accuracy 71.22
algorithm:
  name: jtt
  params:
    lambda_up: 20
    num_epochs_for_final_model: 300
model:
  name: linear_classifier
  params:
    num_classes: 2
    batch_size: 64
    num_epochs: 60
dataset:
  name: resnet50_representation
  paths:
    train_path: C:/Users/User/Desktop/MyProjects/waterbirds_training/resnet50/train.npz
    test_path: C:/Users/User/Desktop/MyProjects/waterbirds_training/resnet50/test.npz
    val_path: C:/Users/User/Desktop/MyProjects/waterbirds_training/resnet50/val.npz
optimizer:
  name: sgd
  params:
    lr: 0.0001
    weight_decay: 1.0e-05
    momentum: 0.9
loss_function:
  _target_: torch.nn.CrossEntropyLoss

Evaluate standard model performance

Checking accuracy on Training Set
Got 4642 / 4795 with accuracy 96.81
Checking accuracy on Test Set
Got 4819 / 5794 with accuracy 83.17
Accuracy on waterbird_water
Got 606 / 642 with accuracy 94.39
Accuracy on waterbird_land
Got 313 / 642 with accuracy 48.75
Accuracy on landbird_land
Got 2247 / 2255 with accuracy 99.65
Accuracy on landbird_water
Got 1653 / 2255 with accuracy 73.30

Validation set group accuracy

Accuracy on waterbird_water
Got 126 / 133 with accuracy 94.74
Accuracy on waterbird_land
Got 84 / 133 with accuracy 63.16
Accuracy on landbird_land
Got 452 / 467 with accuracy 96.79
Accuracy on landbird_water
Got 341 / 466 with accuracy 73.18

Evaluate JTT performance

Checking accuracy on Training Set
Got 4670 / 4795 with accuracy 97.39
Checking accuracy on Test Set
Got 4849 / 5794 with accuracy 83.69
Accuracy on waterbird_water
Got 603 / 642 with accuracy 93.93
Accuracy on waterbird_land
Got 425 / 642 with accuracy 66.20
Accuracy on landbird_land
Got 2207 / 2255 with accuracy 97.87
Accuracy on landbird_water
Got 1614 / 2255 with accuracy 71.57
