model:
  name: resnet50
  params:
    num_classes: 2
    batch_size: 16
    num_epochs: 5
    in_channel: 3
    learning_rate: 0.001
dataset:
  name: waterbirds_images

Checking accuracy on Training Set
Got 4777 / 4795 with accuracy 99.62
Checking accuracy on Test Set
Got 3874 / 5794 with accuracy 66.86
Accuracy on waterbird_water
Got 379 / 642 with accuracy 59.03
Accuracy on waterbird_land
Got 14 / 642 with accuracy 2.18
Accuracy on landbird_land
Got 2210 / 2255 with accuracy 98.00
Accuracy on landbird_water
Got 1271 / 2255 with accuracy 56.36
